<?xml version="1.0" encoding="UTF-8"?>
<testng-results ignored="0" total="1" passed="1" failed="0" skipped="0">
  <reporter-output>
  </reporter-output>
  <suite started-at="2023-04-24T23:58:14 IST" name="Suite" finished-at="2023-04-24T23:59:39 IST" duration-ms="84750">
    <groups>
    </groups>
    <test started-at="2023-04-24T23:58:14 IST" name="Test" finished-at="2023-04-24T23:59:39 IST" duration-ms="84750">
      <class name="tests.module1.RandomWeb">
        <test-method is-config="true" signature="initializeTestBaseSetup()[pri:0, instance:tests.module1.RandomWeb@514646ef]" started-at="2023-04-24T23:58:14 IST" name="initializeTestBaseSetup" finished-at="2023-04-24T23:59:12 IST" duration-ms="58196" status="PASS">
          <reporter-output>
          </reporter-output>
        </test-method> <!-- initializeTestBaseSetup -->
        <test-method is-config="true" signature="BeforeClass()[pri:0, instance:tests.module1.RandomWeb@514646ef]" started-at="2023-04-24T23:59:12 IST" name="BeforeClass" finished-at="2023-04-24T23:59:36 IST" duration-ms="23501" status="PASS">
          <reporter-output>
          </reporter-output>
        </test-method> <!-- BeforeClass -->
        <test-method signature="tc01()[pri:0, instance:tests.module1.RandomWeb@514646ef]" started-at="2023-04-24T23:59:36 IST" name="tc01" description="Video recording" finished-at="2023-04-24T23:59:38 IST" duration-ms="2507" status="PASS">
          <reporter-output>
          </reporter-output>
        </test-method> <!-- tc01 -->
        <test-method is-config="true" signature="tearDown()[pri:0, instance:tests.module1.RandomWeb@514646ef]" started-at="2023-04-24T23:59:38 IST" name="tearDown" finished-at="2023-04-24T23:59:39 IST" duration-ms="224" status="PASS">
          <reporter-output>
          </reporter-output>
        </test-method> <!-- tearDown -->
      </class> <!-- tests.module1.RandomWeb -->
    </test> <!-- Test -->
  </suite> <!-- Suite -->
</testng-results>
